c:\users\bcampanella\desktop\usbview\debug\vc141.pdb
c:\users\bcampanella\desktop\usbview\debug\uvcview.obj
c:\users\bcampanella\desktop\usbview\debug\h264.obj
c:\users\bcampanella\desktop\usbview\debug\enum.obj
c:\users\bcampanella\desktop\usbview\debug\dispvid.obj
c:\users\bcampanella\desktop\usbview\debug\display.obj
c:\users\bcampanella\desktop\usbview\debug\dispaud.obj
c:\users\bcampanella\desktop\usbview\debug\devnode.obj
c:\users\bcampanella\desktop\usbview\debug\debug.obj
c:\users\bcampanella\desktop\usbview\debug\xmlhelper.obj
c:\users\bcampanella\desktop\usbview\debug\usbview.exe
c:\users\bcampanella\desktop\usbview\debug\usbview.pdb
c:\users\bcampanella\desktop\usbview\debug\uvcview.res
c:\users\bcampanella\desktop\usbview\debug\usbview.vcxprojassemblyreference.cache
c:\users\bcampanella\desktop\usbview\debug\usbview.tlog\cl.command.1.tlog
c:\users\bcampanella\desktop\usbview\debug\usbview.tlog\cl.read.1.tlog
c:\users\bcampanella\desktop\usbview\debug\usbview.tlog\cl.write.1.tlog
c:\users\bcampanella\desktop\usbview\debug\usbview.tlog\link.command.1.tlog
c:\users\bcampanella\desktop\usbview\debug\usbview.tlog\link.read.1.tlog
c:\users\bcampanella\desktop\usbview\debug\usbview.tlog\link.write.1.tlog
c:\users\bcampanella\desktop\usbview\debug\usbview.tlog\rc.command.1.tlog
c:\users\bcampanella\desktop\usbview\debug\usbview.tlog\rc.read.1.tlog
c:\users\bcampanella\desktop\usbview\debug\usbview.tlog\rc.write.1.tlog
